<?xml version="1.0" encoding="UTF-8"?>
<beans xmlns="http://www.springframework.org/schema/beans" xmlns:xsi="http://www.w3.org/2001/XMLSchema-instance"
       xmlns:jdbc="http://www.springframework.org/schema/jdbc" xmlns:context="http://www.springframework.org/schema/context"
       xsi:schemaLocation="http://www.springframework.org/schema/beans http://www.springframework.org/schema/beans/spring-beans.xsd
       http://www.springframework.org/schema/jdbc http://www.springframework.org/schema/jdbc/spring-jdbc.xsd
       http://www.springframework.org/schema/context http://www.springframework.org/schema/context/spring-context.xsd">

    <import resource="classpath:/spring/dao-application-context.xml"/>


    <!-- Scanning and managed components -->

    <context:annotation-config/>

    <context:component-scan base-package="com.dozortsev.adviceexchange"/>


    <!--
        Define configuration for embedded database
        Build HSQL database for unit testing in-memory
    -->

    <jdbc:embedded-database id="embeddedDatabase" type="HSQL">

        <jdbc:script location="classpath:database/test-ddl.sql"/>
        <jdbc:script location="classpath:database/test-dml.sql"/>
    </jdbc:embedded-database>

</beans>

