<?xml version="1.0" encoding="UTF-8"?>
<beans xmlns="http://www.springframework.org/schema/beans"
       xmlns:xsi="http://www.w3.org/2001/XMLSchema-instance" xmlns:tx="http://www.springframework.org/schema/tx"
       xmlns:jdbc="http://www.springframework.org/schema/jdbc" xmlns:context="http://www.springframework.org/schema/context"
       xsi:schemaLocation="http://www.springframework.org/schema/beans http://www.springframework.org/schema/beans/spring-beans.xsd
       http://www.springframework.org/schema/jdbc http://www.springframework.org/schema/jdbc/spring-jdbc.xsd
       http://www.springframework.org/schema/tx http://www.springframework.org/schema/tx/spring-tx-3.2.xsd
       http://www.springframework.org/schema/context http://www.springframework.org/schema/context/spring-context.xsd">

    <!-- Queries -->

    <import resource="classpath:/META-INF/spring/queries.xml"/>


    <!-- Scanning and managed components -->

    <context:annotation-config/>

    <context:component-scan base-package="com.dozortsev.adviceexchange"/>


    <!--
        Define configuration for embedded database
        Build HSQL database for unit testing in-memory
    -->

    <jdbc:embedded-database id="embeddedDatabase" type="HSQL">

        <jdbc:script location="/META-INF/database/test-ddl.sql"/>
        <jdbc:script location="/META-INF/database/test-dml.sql"/>
    </jdbc:embedded-database>


    <!-- Define SessionFactory for Embedded database -->

    <bean id="sessionFactory" class="org.springframework.orm.hibernate4.LocalSessionFactoryBean">

        <property name="dataSource" ref="embeddedDatabase"/>

        <property name="packagesToScan" value="com.dozortsev.adviceexchange.domain"/>

        <property name="hibernateProperties">
            <props>
                <prop key="hibernate.dialect">org.hibernate.dialect.HSQLDialect</prop>
                <prop key="hibernate.format_sql">true</prop>
                <prop key="hibernate.show_sql">true</prop>
            </props>
        </property>
    </bean>


    <!-- Define Hibernate Transaction Manager -->

    <tx:annotation-driven transaction-manager="transactionManager"/>

    <bean id="transactionManager" class="org.springframework.orm.hibernate4.HibernateTransactionManager">
        <property name="sessionFactory" ref="sessionFactory"/>
    </bean>

</beans>

